2022-02-19 01:55:46 INFO  Main:36 - saved data reading
2022-02-19 01:55:46 INFO  Main:41 - application start
2022-02-19 01:55:47 INFO  Controller:74 - Main controller initializing
2022-02-19 01:55:50 INFO  NewEditController:91 - new/edit window initializing
2022-02-19 01:56:02 INFO  TaskInfoController:25 - task info window initializing
2022-02-19 01:56:02 ERROR Controller:127 - error loading task-info.fxml
2022-02-19 01:57:13 INFO  Main:36 - saved data reading
2022-02-19 01:57:13 INFO  Main:41 - application start
2022-02-19 01:57:13 INFO  Controller:74 - Main controller initializing
2022-02-19 01:57:18 INFO  TaskInfoController:25 - task info window initializing
2022-02-19 01:57:18 ERROR Controller:127 - error loading task-info.fxml
2022-02-19 01:57:20 INFO  TaskInfoController:25 - task info window initializing
2022-02-19 01:57:20 ERROR Controller:127 - error loading task-info.fxml
2022-02-19 01:57:22 INFO  TaskInfoController:25 - task info window initializing
2022-02-19 01:57:22 ERROR Controller:127 - error loading task-info.fxml
2022-02-19 01:57:36 INFO  NewEditController:91 - new/edit window initializing
2022-02-19 01:57:42 INFO  TaskInfoController:25 - task info window initializing
2022-02-19 01:57:42 ERROR Controller:127 - error loading task-info.fxml
2022-02-19 01:58:03 INFO  NewEditController:91 - new/edit window initializing
2022-02-19 01:58:11 INFO  TaskInfoController:25 - task info window initializing
2022-02-19 01:58:18 INFO  NewEditController:91 - new/edit window initializing
2022-02-19 01:58:58 INFO  TaskInfoController:25 - task info window initializing
2022-02-19 01:59:08 INFO  NewEditController:91 - new/edit window initializing
2022-02-19 02:02:19 INFO  Main:36 - saved data reading
2022-02-19 02:02:19 INFO  Main:41 - application start
2022-02-19 02:02:20 INFO  Controller:74 - Main controller initializing
2022-02-19 02:03:15 INFO  Main:36 - saved data reading
2022-02-19 02:03:15 INFO  Main:41 - application start
2022-02-19 02:03:16 INFO  Controller:74 - Main controller initializing
2022-02-19 02:03:29 INFO  NewEditController:91 - new/edit window initializing
2022-02-19 02:04:05 INFO  NewEditController:91 - new/edit window initializing
2022-02-19 02:04:19 INFO  NewEditController:91 - new/edit window initializing
2022-02-19 02:04:22 INFO  NewEditController:91 - new/edit window initializing
2022-02-19 02:04:24 INFO  NewEditController:91 - new/edit window initializing
2022-02-19 02:04:31 INFO  NewEditController:91 - new/edit window initializing
2022-02-19 02:04:34 INFO  NewEditController:91 - new/edit window initializing
2022-02-19 02:04:44 INFO  NewEditController:91 - new/edit window initializing
2022-02-19 02:04:46 INFO  NewEditController:91 - new/edit window initializing
2022-02-19 02:05:02 INFO  NewEditController:91 - new/edit window initializing
2022-02-19 02:05:24 INFO  Main:36 - saved data reading
2022-02-19 02:05:24 INFO  Main:41 - application start
2022-02-19 02:05:24 INFO  Controller:74 - Main controller initializing
2022-02-19 02:05:44 INFO  NewEditController:91 - new/edit window initializing
2022-02-19 02:05:57 INFO  NewEditController:91 - new/edit window initializing
2022-02-19 02:06:08 INFO  NewEditController:91 - new/edit window initializing
2022-02-19 02:06:29 INFO  NewEditController:91 - new/edit window initializing
2022-02-19 02:10:58 INFO  Main:36 - saved data reading
2022-02-19 02:10:58 INFO  Main:41 - application start
2022-02-19 02:10:59 INFO  Controller:74 - Main controller initializing
2022-02-19 02:11:12 INFO  NewEditController:91 - new/edit window initializing
2022-02-19 02:38:05 INFO  Main:36 - saved data reading
2022-02-19 02:38:05 INFO  Main:41 - application start
2022-02-19 02:38:06 INFO  Controller:74 - Main controller initializing
2022-02-19 14:20:20 INFO  Main:36 - saved data reading
2022-02-19 14:20:20 INFO  Main:41 - application start
2022-02-19 14:20:20 INFO  Controller:74 - Main controller initializing
2022-03-07 19:51:31 INFO  Main:36 - saved data reading
2022-03-07 19:51:31 INFO  Main:41 - application start
2022-03-07 19:51:32 INFO  Controller:74 - Main controller initializing
2022-03-07 19:51:43 INFO  NewEditController:91 - new/edit window initializing
2022-03-07 19:52:35 INFO  TaskInfoController:25 - task info window initializing
2022-03-07 19:52:44 INFO  NewEditController:91 - new/edit window initializing
2022-03-07 19:54:06 INFO  Main:36 - saved data reading
2022-03-07 19:54:06 INFO  Main:41 - application start
2022-03-07 19:54:07 INFO  Controller:74 - Main controller initializing
2022-03-07 19:57:13 INFO  Main:36 - saved data reading
2022-03-07 19:57:13 INFO  Main:41 - application start
2022-03-07 19:57:14 INFO  Controller:74 - Main controller initializing
2022-03-07 19:57:17 INFO  NewEditController:91 - new/edit window initializing
2022-03-07 19:59:16 INFO  NewEditController:91 - new/edit window initializing
2022-03-08 19:01:36 INFO  Main:36 - saved data reading
2022-03-08 19:01:36 INFO  Main:41 - application start
2022-03-08 19:01:37 INFO  Controller:74 - Main controller initializing
2022-03-08 19:04:39 INFO  TaskInfoController:25 - task info window initializing
2022-03-08 19:04:43 INFO  NewEditController:91 - new/edit window initializing
2022-03-08 19:05:58 INFO  NewEditController:91 - new/edit window initializing
2022-03-08 19:06:57 INFO  NewEditController:91 - new/edit window initializing
2022-03-08 19:07:10 INFO  NewEditController:91 - new/edit window initializing
2022-03-08 19:07:35 INFO  TaskInfoController:25 - task info window initializing
2022-03-08 19:07:35 ERROR Controller:127 - error loading task-info.fxml
2022-03-08 19:08:16 INFO  TaskInfoController:25 - task info window initializing
2022-03-08 19:08:31 INFO  TaskInfoController:25 - task info window initializing
2022-03-08 19:10:21 INFO  NewEditController:91 - new/edit window initializing
2022-03-08 19:10:30 INFO  TaskInfoController:25 - task info window initializing
2022-03-08 19:10:34 INFO  NewEditController:91 - new/edit window initializing
2022-03-08 19:11:00 INFO  NewEditController:91 - new/edit window initializing
2022-03-08 19:11:41 INFO  TaskInfoController:25 - task info window initializing
2022-03-08 19:11:41 ERROR Controller:127 - error loading task-info.fxml
2022-03-08 19:11:43 INFO  TaskInfoController:25 - task info window initializing
2022-03-08 19:11:43 ERROR Controller:127 - error loading task-info.fxml
2022-03-08 19:11:43 INFO  TaskInfoController:25 - task info window initializing
2022-03-08 19:11:43 ERROR Controller:127 - error loading task-info.fxml
2022-03-08 19:11:43 INFO  TaskInfoController:25 - task info window initializing
2022-03-08 19:11:43 ERROR Controller:127 - error loading task-info.fxml
2022-03-08 19:11:52 INFO  NewEditController:91 - new/edit window initializing
2022-03-08 19:24:54 INFO  TaskInfoController:25 - task info window initializing
2022-03-08 19:25:16 INFO  NewEditController:91 - new/edit window initializing
2022-03-08 19:25:23 INFO  TaskInfoController:25 - task info window initializing
2022-03-08 19:27:42 INFO  Main:36 - saved data reading
2022-03-08 19:27:42 INFO  Main:41 - application start
2022-03-08 19:27:43 INFO  Controller:74 - Main controller initializing
2022-03-08 19:32:31 INFO  Main:36 - saved data reading
2022-03-08 19:32:31 INFO  Main:41 - application start
2022-03-08 19:32:32 INFO  Controller:74 - Main controller initializing
2022-03-08 19:36:06 INFO  Main:36 - saved data reading
2022-03-08 19:36:06 INFO  Main:41 - application start
2022-03-08 19:36:07 INFO  Controller:74 - Main controller initializing
2022-03-08 19:41:04 INFO  NewEditController:91 - new/edit window initializing
2022-03-08 19:41:13 INFO  TaskInfoController:25 - task info window initializing
2022-03-08 19:41:17 INFO  NewEditController:91 - new/edit window initializing
2022-03-08 19:41:22 INFO  TaskInfoController:25 - task info window initializing
2022-03-08 19:41:43 INFO  NewEditController:91 - new/edit window initializing
2022-03-08 19:42:34 INFO  NewEditController:91 - new/edit window initializing
2022-03-08 19:42:48 INFO  NewEditController:91 - new/edit window initializing
2022-03-08 19:42:51 INFO  TaskInfoController:25 - task info window initializing
2022-03-08 19:43:27 INFO  TaskInfoController:25 - task info window initializing
2022-03-08 19:43:29 INFO  NewEditController:91 - new/edit window initializing
2022-03-08 19:43:33 INFO  TaskInfoController:25 - task info window initializing
2022-03-08 19:43:38 INFO  NewEditController:91 - new/edit window initializing
2022-03-08 19:43:40 INFO  NewEditController:91 - new/edit window initializing
2022-03-08 19:43:47 INFO  TaskInfoController:25 - task info window initializing
2022-03-08 19:43:56 INFO  TaskInfoController:25 - task info window initializing
2022-03-08 19:44:24 INFO  NewEditController:91 - new/edit window initializing
2022-03-08 19:44:31 INFO  NewEditController:91 - new/edit window initializing
2022-03-08 19:48:12 INFO  Main:36 - saved data reading
2022-03-08 19:48:12 INFO  Main:41 - application start
2022-03-08 19:48:13 INFO  Controller:74 - Main controller initializing
2022-03-08 19:48:35 INFO  TaskInfoController:25 - task info window initializing
2022-03-08 19:49:03 INFO  TaskInfoController:25 - task info window initializing
2022-03-08 19:50:59 INFO  Main:36 - saved data reading
2022-03-08 19:50:59 INFO  Main:41 - application start
2022-03-08 19:50:59 INFO  Controller:74 - Main controller initializing
2022-03-08 19:51:02 INFO  TaskInfoController:25 - task info window initializing
2022-03-08 19:51:21 INFO  NewEditController:91 - new/edit window initializing
2022-03-08 19:51:34 INFO  Main:36 - saved data reading
2022-03-08 19:51:34 INFO  Main:41 - application start
2022-03-08 19:51:34 INFO  Controller:74 - Main controller initializing
2022-03-08 19:51:37 INFO  TaskInfoController:25 - task info window initializing
2022-03-08 19:52:06 INFO  Main:36 - saved data reading
2022-03-08 19:52:06 INFO  Main:41 - application start
2022-03-08 19:52:07 INFO  Controller:74 - Main controller initializing
2022-03-08 19:53:00 INFO  Main:36 - saved data reading
2022-03-08 19:53:00 INFO  Main:41 - application start
2022-03-08 19:53:00 INFO  Controller:74 - Main controller initializing
2022-03-08 20:03:13 INFO  Main:36 - saved data reading
2022-03-08 20:03:13 INFO  Main:41 - application start
2022-03-08 20:03:13 INFO  Controller:74 - Main controller initializing
2022-03-08 20:05:38 INFO  Main:36 - saved data reading
2022-03-08 20:05:38 INFO  Main:41 - application start
2022-03-08 20:05:38 INFO  Controller:74 - Main controller initializing
2022-03-08 20:09:27 INFO  Main:36 - saved data reading
2022-03-08 20:09:27 INFO  Main:41 - application start
2022-03-08 20:09:27 INFO  Controller:74 - Main controller initializing
2022-03-08 20:09:32 INFO  TaskInfoController:25 - task info window initializing
2022-03-08 20:12:26 INFO  Main:36 - saved data reading
2022-03-08 20:12:26 INFO  Main:41 - application start
2022-03-08 20:12:26 INFO  Controller:74 - Main controller initializing
2022-03-08 20:14:29 INFO  Main:36 - saved data reading
2022-03-08 20:14:29 INFO  Main:41 - application start
2022-03-08 20:14:29 INFO  Controller:74 - Main controller initializing
2022-03-08 20:16:26 INFO  Main:36 - saved data reading
2022-03-08 20:16:26 INFO  Main:41 - application start
2022-03-08 20:16:27 INFO  Controller:74 - Main controller initializing
2022-03-08 20:17:12 INFO  Main:36 - saved data reading
2022-03-08 20:17:12 INFO  Main:41 - application start
2022-03-08 20:17:13 INFO  Controller:74 - Main controller initializing
2022-03-08 20:17:42 INFO  Main:36 - saved data reading
2022-03-08 20:17:42 INFO  Main:41 - application start
2022-03-08 20:17:42 INFO  Controller:74 - Main controller initializing
2022-03-08 20:18:48 INFO  Main:36 - saved data reading
2022-03-08 20:18:48 INFO  Main:41 - application start
2022-03-08 20:18:49 INFO  Controller:74 - Main controller initializing
2022-03-08 20:20:30 INFO  Main:36 - saved data reading
2022-03-08 20:20:31 INFO  Main:41 - application start
2022-03-08 20:20:31 INFO  Controller:74 - Main controller initializing
2022-03-08 20:21:33 INFO  TaskInfoController:25 - task info window initializing
2022-03-08 20:24:56 INFO  Main:36 - saved data reading
2022-03-08 20:24:56 INFO  Main:41 - application start
2022-03-08 20:24:57 INFO  Controller:74 - Main controller initializing
2022-03-08 20:26:13 INFO  NewEditController:91 - new/edit window initializing
2022-03-08 20:43:35 INFO  Main:36 - saved data reading
2022-03-08 20:43:35 INFO  Main:41 - application start
2022-03-08 20:43:35 INFO  Controller:74 - Main controller initializing
2022-03-08 20:43:41 INFO  NewEditController:93 - new/edit window initializing
2022-03-08 20:43:45 INFO  NewEditController:93 - new/edit window initializing
2022-03-08 20:44:38 INFO  Main:36 - saved data reading
2022-03-08 20:44:38 INFO  Main:41 - application start
2022-03-08 20:44:39 INFO  Controller:74 - Main controller initializing
2022-03-08 20:44:42 INFO  NewEditController:93 - new/edit window initializing
2022-03-08 20:45:19 INFO  Main:36 - saved data reading
2022-03-08 20:45:19 INFO  Main:41 - application start
2022-03-08 20:45:20 INFO  Controller:74 - Main controller initializing
2022-03-08 20:45:23 INFO  NewEditController:93 - new/edit window initializing
2022-03-08 20:46:02 INFO  Main:36 - saved data reading
2022-03-08 20:46:02 INFO  Main:41 - application start
2022-03-08 20:46:02 INFO  Controller:74 - Main controller initializing
2022-03-08 20:46:24 INFO  NewEditController:93 - new/edit window initializing
2022-03-08 20:46:57 INFO  Main:36 - saved data reading
2022-03-08 20:46:57 INFO  Main:41 - application start
2022-03-08 20:46:57 INFO  Controller:74 - Main controller initializing
2022-03-08 20:48:09 INFO  NewEditController:93 - new/edit window initializing
2022-03-08 20:53:32 INFO  NewEditController:93 - new/edit window initializing
2022-03-08 20:54:18 INFO  NewEditController:93 - new/edit window initializing
2022-03-08 20:56:29 INFO  Main:36 - saved data reading
2022-03-08 20:56:29 INFO  Main:41 - application start
2022-03-08 20:56:30 INFO  Controller:74 - Main controller initializing
2022-03-08 20:56:32 INFO  NewEditController:90 - new/edit window initializing
2022-03-08 20:59:01 INFO  Main:36 - saved data reading
2022-03-08 20:59:01 INFO  Main:41 - application start
2022-03-08 20:59:02 INFO  Controller:74 - Main controller initializing
2022-03-08 20:59:36 INFO  Main:36 - saved data reading
2022-03-08 20:59:36 INFO  Main:41 - application start
2022-03-08 20:59:36 INFO  Controller:74 - Main controller initializing
2022-03-08 20:59:48 INFO  NewEditController:90 - new/edit window initializing
2022-03-08 21:04:34 INFO  TaskInfoController:25 - task info window initializing
2022-03-08 21:09:28 INFO  Main:36 - saved data reading
2022-03-08 21:09:28 INFO  Main:41 - application start
2022-03-08 21:09:28 INFO  Controller:74 - Main controller initializing
